<?xml version="1.0" encoding="UTF-8"?>
<testsuite xmlns:xsi="http://www.w3.org/2001/XMLSchema-instance" xsi:noNamespaceSchemaLocation="https://maven.apache.org/surefire/maven-surefire-plugin/xsd/surefire-test-report.xsd" name="com.application.utils.WaiterControllerTest" time="0.121" tests="5" errors="0" skipped="0" failures="0">
  <properties>
[...]
</properties>
  <testcase name="getAllWaiters" classname="com.application.utils.WaiterControllerTest" time="0.014"/>
  <testcase name="deleteWaiterById" classname="com.application.utils.WaiterControllerTest" time="0.011"/>
  <testcase name="updateWaiterById" classname="com.application.utils.WaiterControllerTest" time="0.013"/>
  <testcase name="getWaiterById" classname="com.application.utils.WaiterControllerTest" time="0.014"/>
  <testcase name="createWaiter" classname="com.application.utils.WaiterControllerTest" time="0.018"/>
</testsuite>